2025-08-07 13:31:54 Loading main app package /usr/lib/obsidian/obsidian.asar
2025-08-07 13:31:54 Checking for update using Github
2025-08-07 13:31:56 Success.
2025-08-07 13:31:56 Latest version is 1.8.10
2025-08-07 13:31:56 App is up to date.
2025-08-07 13:33:45 Loading main app package /usr/lib/obsidian/obsidian.asar
2025-08-07 13:33:45 Checking for update using Github
2025-08-07 13:33:45 Success.
2025-08-07 13:33:45 Latest version is 1.8.10
2025-08-07 13:33:45 App is up to date.
2025-08-07 13:36:25 Loading main app package /usr/lib/obsidian/obsidian.asar
2025-08-07 13:36:25 Checking for update using Github
2025-08-07 13:36:25 Success.
2025-08-07 13:36:25 Latest version is 1.8.10
2025-08-07 13:36:25 App is up to date.
2025-08-08 04:08:54 Loading main app package /usr/lib/obsidian/obsidian.asar
2025-08-08 04:08:54 Checking for update using Github
2025-08-08 04:08:55 Success.
2025-08-08 04:08:55 Latest version is 1.8.10
2025-08-08 04:08:55 App is up to date.
2025-08-08 05:26:09 Loading main app package /usr/lib/obsidian/obsidian.asar
2025-08-08 05:26:09 Checking for update using Github
2025-08-08 05:26:10 Success.
2025-08-08 05:26:10 Latest version is 1.8.10
2025-08-08 05:26:10 App is up to date.
2025-08-08 06:37:04 Loading main app package /usr/lib/obsidian/obsidian.asar
2025-08-08 06:37:05 Checking for update using Github
2025-08-08 06:37:06 Success.
2025-08-08 06:37:06 Latest version is 1.8.10
2025-08-08 06:37:06 App is up to date.
2025-08-08 07:01:38 Loading main app package /usr/lib/obsidian/obsidian.asar
2025-08-08 07:01:38 Checking for update using Github
2025-08-08 07:01:40 Success.
2025-08-08 07:01:40 Latest version is 1.8.10
2025-08-08 07:01:40 App is up to date.
2025-08-08 07:09:13 Loading main app package /usr/lib/obsidian/obsidian.asar
2025-08-08 07:09:13 Checking for update using Github
2025-08-08 07:09:14 Success.
2025-08-08 07:09:14 Latest version is 1.8.10
2025-08-08 07:09:14 App is up to date.
2025-08-08 07:58:09 Checking for update using Github
2025-08-08 07:58:09 Success.
2025-08-08 07:58:09 Latest version is 1.8.10
2025-08-08 07:58:09 App is up to date.
2025-08-08 08:09:13 Checking for update using Github
2025-08-08 08:09:13 Success.
2025-08-08 08:09:13 Latest version is 1.8.10
2025-08-08 08:09:13 App is up to date.
2025-08-08 09:09:13 Checking for update using Github
2025-08-08 09:09:14 Success.
2025-08-08 09:09:14 Latest version is 1.8.10
2025-08-08 09:09:14 App is up to date.
2025-08-09 12:28:27 Loading main app package /usr/lib/obsidian/obsidian.asar
2025-08-09 12:28:28 Checking for update using Github
2025-08-09 12:28:28 Success.
2025-08-09 12:28:28 Latest version is 1.8.10
2025-08-09 12:28:28 App is up to date.
2025-08-09 12:49:05 Loading main app package /usr/lib/obsidian/obsidian.asar
2025-08-09 12:49:05 Checking for update using Github
2025-08-09 12:49:06 Success.
2025-08-09 12:49:06 Latest version is 1.8.10
2025-08-09 12:49:06 App is up to date.
2025-08-09 13:49:05 Checking for update using Github
2025-08-09 13:49:06 Success.
2025-08-09 13:49:06 Latest version is 1.8.10
2025-08-09 13:49:06 App is up to date.
2025-08-10 08:11:23 Loading main app package /usr/lib/obsidian/obsidian.asar
2025-08-10 08:11:23 Checking for update using Github
2025-08-10 08:11:24 Success.
2025-08-10 08:11:24 Latest version is 1.8.10
2025-08-10 08:11:24 App is up to date.
2025-08-10 09:11:23 Checking for update using Github
2025-08-10 09:11:24 Success.
2025-08-10 09:11:24 Latest version is 1.8.10
2025-08-10 09:11:24 App is up to date.
2025-08-10 12:07:14 Loading main app package /usr/lib/obsidian/obsidian.asar
2025-08-10 12:07:14 Checking for update using Github
2025-08-10 12:07:16 Success.
2025-08-10 12:07:16 Latest version is 1.8.10
2025-08-10 12:07:16 App is up to date.
2025-08-10 12:49:46 Loading main app package /usr/lib/obsidian/obsidian.asar
2025-08-10 12:49:46 Checking for update using Github
2025-08-10 12:49:47 Success.
2025-08-10 12:49:47 Latest version is 1.8.10
2025-08-10 12:49:47 App is up to date.
2025-08-11 01:35:30 Loading main app package /usr/lib/obsidian/obsidian.asar
2025-08-11 01:35:31 Checking for update using Github
2025-08-11 01:35:31 Success.
2025-08-11 01:35:31 Latest version is 1.8.10
2025-08-11 01:35:31 App is up to date.
2025-08-11 02:13:33 Loading main app package /usr/lib/obsidian/obsidian.asar
2025-08-11 02:13:33 Checking for update using Github
2025-08-11 02:13:34 Success.
2025-08-11 02:13:34 Latest version is 1.8.10
2025-08-11 02:13:34 App is up to date.
2025-08-11 03:13:33 Checking for update using Github
2025-08-11 03:13:34 Success.
2025-08-11 03:13:34 Latest version is 1.8.10
2025-08-11 03:13:34 App is up to date.
2025-08-11 03:15:20 Loading main app package /usr/lib/obsidian/obsidian.asar
2025-08-11 03:15:20 Checking for update using Github
2025-08-11 03:15:20 Success.
2025-08-11 03:15:20 Latest version is 1.8.10
2025-08-11 03:15:20 App is up to date.
2025-08-11 03:15:34 Loading main app package /usr/lib/obsidian/obsidian.asar
2025-08-11 03:15:34 Checking for update using Github
2025-08-11 03:15:34 Success.
2025-08-11 03:15:34 Latest version is 1.8.10
2025-08-11 03:15:34 App is up to date.
2025-08-11 07:10:36 Loading main app package /usr/lib/obsidian/obsidian.asar
2025-08-11 07:10:36 Checking for update using Github
2025-08-11 07:10:36 Success.
2025-08-11 07:10:36 Latest version is 1.8.10
2025-08-11 07:10:36 App is up to date.
2025-08-11 08:10:36 Checking for update using Github
2025-08-11 08:10:37 Success.
2025-08-11 08:10:37 Latest version is 1.8.10
2025-08-11 08:10:37 App is up to date.
2025-08-11 09:10:36 Checking for update using Github
2025-08-11 09:10:36 Success.
2025-08-11 09:10:36 Latest version is 1.8.10
2025-08-11 09:10:36 App is up to date.
2025-08-11 11:16:20 Loading main app package /usr/lib/obsidian/obsidian.asar
2025-08-11 11:16:20 Checking for update using Github
2025-08-11 11:16:20 Success.
2025-08-11 11:16:20 Latest version is 1.8.10
2025-08-11 11:16:20 App is up to date.
2025-08-11 11:33:06 Loading main app package /usr/lib/obsidian/obsidian.asar
2025-08-11 11:33:06 Checking for update using Github
2025-08-11 11:33:36 Loading main app package /usr/lib/obsidian/obsidian.asar
2025-08-11 11:33:36 Checking for update using Github
2025-08-11 11:33:38 Success.
2025-08-11 11:33:38 Latest version is 1.8.10
2025-08-11 11:33:38 App is up to date.
2025-08-11 12:52:15 Loading main app package /usr/lib/obsidian/obsidian.asar
2025-08-11 12:52:15 Checking for update using Github
2025-08-11 12:52:15 Success.
2025-08-11 12:52:15 Latest version is 1.8.10
2025-08-11 12:52:15 App is up to date.
2025-08-11 12:53:27 Loading main app package /usr/lib/obsidian/obsidian.asar
2025-08-11 12:53:27 Checking for update using Github
2025-08-11 12:53:27 Success.
2025-08-11 12:53:27 Latest version is 1.8.10
2025-08-11 12:53:27 App is up to date.
2025-08-12 02:05:28 Loading main app package /usr/lib/obsidian/obsidian.asar
2025-08-12 02:05:29 Checking for update using Github
2025-08-12 02:05:29 Success.
2025-08-12 02:05:29 Latest version is 1.8.10
2025-08-12 02:05:29 App is up to date.
2025-08-12 03:18:23 Checking for update using Github
2025-08-12 03:18:23 Success.
2025-08-12 03:18:23 Latest version is 1.8.10
2025-08-12 03:18:23 App is up to date.
2025-08-12 08:11:16 Loading main app package /usr/lib/obsidian/obsidian.asar
2025-08-12 08:11:16 Checking for update using Github
2025-08-12 08:11:17 Success.
2025-08-12 08:11:17 Latest version is 1.8.10
2025-08-12 08:11:17 App is up to date.
2025-08-12 09:17:23 Loading main app package /usr/lib/obsidian/obsidian.asar
2025-08-12 09:17:23 Checking for update using Github
2025-08-12 09:17:24 Success.
2025-08-12 09:17:24 Latest version is 1.8.10
2025-08-12 09:17:24 App is up to date.
2025-08-12 11:12:07 Checking for update using Github
2025-08-12 11:12:07 Success.
2025-08-12 11:12:07 Latest version is 1.8.10
2025-08-12 11:12:07 App is up to date.
2025-08-12 11:43:17 Loading main app package /usr/lib/obsidian/obsidian.asar
2025-08-12 11:43:18 Checking for update using Github
2025-08-12 11:43:19 Success.
2025-08-12 11:43:19 Latest version is 1.8.10
2025-08-12 11:43:19 App is up to date.
2025-08-12 12:43:17 Checking for update using Github
2025-08-12 12:43:18 Success.
2025-08-12 12:43:18 Latest version is 1.8.10
2025-08-12 12:43:18 App is up to date.
2025-08-13 02:42:29 Loading main app package /usr/lib/obsidian/obsidian.asar
2025-08-13 02:42:29 Checking for update using Github
2025-08-13 02:42:30 Success.
2025-08-13 02:42:30 Latest version is 1.8.10
2025-08-13 02:42:30 App is up to date.
2025-08-13 06:02:32 Checking for update using Github
2025-08-13 06:02:33 Success.
2025-08-13 06:02:33 Latest version is 1.8.10
2025-08-13 06:02:33 App is up to date.
2025-08-13 06:11:09 Loading main app package /usr/lib/obsidian/obsidian.asar
2025-08-13 06:11:09 Checking for update using Github
2025-08-13 06:13:26 Loading main app package /usr/lib/obsidian/obsidian.asar
2025-08-13 06:13:27 Checking for update using Github
2025-08-13 06:13:27 Success.
2025-08-13 06:13:27 Latest version is 1.8.10
2025-08-13 06:13:27 App is up to date.
2025-08-13 06:14:57 Loading main app package /usr/lib/obsidian/obsidian.asar
2025-08-13 06:14:57 Checking for update using Github
2025-08-13 06:14:57 Success.
2025-08-13 06:14:57 Latest version is 1.8.10
2025-08-13 06:14:57 App is up to date.
2025-08-13 07:14:57 Checking for update using Github
2025-08-13 07:14:58 Success.
2025-08-13 07:14:58 Latest version is 1.8.10
2025-08-13 07:14:58 App is up to date.
2025-08-13 08:14:57 Checking for update using Github
2025-08-13 08:14:58 Success.
2025-08-13 08:14:58 Latest version is 1.8.10
2025-08-13 08:14:58 App is up to date.
2025-08-13 09:14:57 Checking for update using Github
2025-08-13 09:14:58 Success.
2025-08-13 09:14:58 Latest version is 1.8.10
2025-08-13 09:14:58 App is up to date.
2025-08-14 01:41:04 Loading main app package /usr/lib/obsidian/obsidian.asar
2025-08-14 01:41:04 Checking for update using Github
2025-08-14 01:41:04 Success.
2025-08-14 01:41:04 Latest version is 1.8.10
2025-08-14 01:41:04 App is up to date.
2025-08-14 02:41:05 Checking for update using Github
2025-08-14 02:41:05 Success.
2025-08-14 02:41:05 Latest version is 1.8.10
2025-08-14 02:41:05 App is up to date.
2025-08-14 03:22:01 Loading main app package /usr/lib/obsidian/obsidian.asar
2025-08-14 03:22:01 Checking for update using Github
2025-08-14 03:22:01 Success.
2025-08-14 03:22:01 Latest version is 1.8.10
2025-08-14 03:22:01 App is up to date.
2025-08-14 06:05:08 Loading main app package /usr/lib/obsidian/obsidian.asar
2025-08-14 06:05:08 Checking for update using Github
2025-08-14 06:05:09 Success.
2025-08-14 06:05:09 Latest version is 1.8.10
2025-08-14 06:05:09 App is up to date.
2025-08-14 06:16:10 Loading main app package /usr/lib/obsidian/obsidian.asar
2025-08-14 06:16:10 Checking for update using Github
2025-08-14 06:18:14 Loading main app package /usr/lib/obsidian/obsidian.asar
2025-08-14 06:18:14 Checking for update using Github
2025-08-14 07:05:08 Checking for update using Github
2025-08-14 07:05:09 Success.
2025-08-14 07:05:09 Latest version is 1.8.10
2025-08-14 07:05:09 App is up to date.
2025-08-14 08:05:08 Checking for update using Github
2025-08-14 08:05:08 Success.
2025-08-14 08:05:08 Latest version is 1.8.10
2025-08-14 08:05:08 App is up to date.
2025-08-14 09:05:08 Checking for update using Github
2025-08-14 09:05:09 Success.
2025-08-14 09:05:09 Latest version is 1.8.10
2025-08-14 09:05:09 App is up to date.
2025-08-14 11:18:31 Checking for update using Github
2025-08-14 11:18:31 Success.
2025-08-14 11:18:31 Latest version is 1.8.10
2025-08-14 11:18:31 App is up to date.
2025-08-15 01:55:35 Loading main app package /usr/lib/obsidian/obsidian.asar
2025-08-15 01:55:35 Checking for update using Github
2025-08-15 01:55:36 Success.
2025-08-15 01:55:36 Latest version is 1.8.10
2025-08-15 01:55:36 App is up to date.
2025-08-15 02:55:35 Checking for update using Github
2025-08-15 02:55:35 Success.
2025-08-15 02:55:35 Latest version is 1.8.10
2025-08-15 02:55:35 App is up to date.
2025-08-15 04:09:23 Checking for update using Github
2025-08-15 04:09:24 Success.
2025-08-15 04:09:24 Latest version is 1.8.10
2025-08-15 04:09:24 App is up to date.
2025-08-15 05:55:34 Loading main app package /usr/lib/obsidian/obsidian.asar
2025-08-15 05:55:34 Checking for update using Github
2025-08-15 05:55:35 Success.
2025-08-15 05:55:35 Latest version is 1.8.10
2025-08-15 05:55:35 App is up to date.
2025-08-15 06:55:34 Checking for update using Github
2025-08-15 06:55:35 Success.
2025-08-15 06:55:35 Latest version is 1.8.10
2025-08-15 06:55:35 App is up to date.
2025-08-15 07:55:34 Checking for update using Github
2025-08-15 07:55:35 Success.
2025-08-15 07:55:35 Latest version is 1.8.10
2025-08-15 07:55:35 App is up to date.
2025-08-15 08:55:34 Checking for update using Github
2025-08-15 08:55:35 Success.
2025-08-15 08:55:35 Latest version is 1.8.10
2025-08-15 08:55:35 App is up to date.
2025-08-15 09:55:34 Checking for update using Github
2025-08-15 09:55:36 Success.
2025-08-15 09:55:36 Latest version is 1.8.10
2025-08-15 09:55:36 App is up to date.
2025-08-16 11:13:00 Loading main app package /usr/lib/obsidian/obsidian.asar
2025-08-16 11:13:00 Checking for update using Github
2025-08-16 11:13:01 Success.
2025-08-16 11:13:01 Latest version is 1.8.10
2025-08-16 11:13:01 App is up to date.
2025-08-16 12:13:00 Checking for update using Github
2025-08-16 12:13:01 Success.
2025-08-16 12:13:01 Latest version is 1.8.10
2025-08-16 12:13:01 App is up to date.
2025-08-17 12:40:13 Loading main app package /usr/lib/obsidian/obsidian.asar
2025-08-17 12:40:13 Checking for update using Github
2025-08-17 12:40:14 Success.
2025-08-17 12:40:14 Latest version is 1.8.10
2025-08-17 12:40:14 App is up to date.
2025-08-18 01:39:14 Loading main app package /usr/lib/obsidian/obsidian.asar
2025-08-18 01:39:14 Checking for update using Github
2025-08-18 01:39:15 Success.
2025-08-18 01:39:15 Latest version is 1.8.10
2025-08-18 01:39:15 App is up to date.
2025-08-18 01:39:52 Loading main app package /usr/lib/obsidian/obsidian.asar
2025-08-18 01:39:52 Checking for update using Github
2025-08-18 01:39:52 Success.
2025-08-18 01:39:52 Latest version is 1.8.10
2025-08-18 01:39:52 App is up to date.
2025-08-18 02:39:52 Checking for update using Github
2025-08-18 02:39:52 Success.
2025-08-18 02:39:52 Latest version is 1.8.10
2025-08-18 02:39:52 App is up to date.
2025-08-18 03:39:52 Checking for update using Github
2025-08-18 03:39:52 Success.
2025-08-18 03:39:52 Latest version is 1.8.10
2025-08-18 03:39:52 App is up to date.
2025-08-18 06:25:28 Loading main app package /usr/lib/obsidian/obsidian.asar
2025-08-18 06:25:28 Checking for update using Github
2025-08-18 06:25:28 Success.
2025-08-18 06:25:28 Latest version is 1.8.10
2025-08-18 06:25:28 App is up to date.
2025-08-18 07:25:12 Loading main app package /usr/lib/obsidian/obsidian.asar
2025-08-18 07:25:12 Checking for update using Github
2025-08-18 07:25:13 Success.
2025-08-18 07:25:13 Latest version is 1.8.10
2025-08-18 07:25:13 App is up to date.
2025-08-18 08:25:12 Checking for update using Github
2025-08-18 08:25:13 Success.
2025-08-18 08:25:13 Latest version is 1.8.10
2025-08-18 08:25:13 App is up to date.
2025-08-18 09:03:43 Loading main app package /usr/lib/obsidian/obsidian.asar
2025-08-18 09:03:44 Checking for update using Github
2025-08-18 09:03:44 Success.
2025-08-18 09:03:44 Latest version is 1.8.10
2025-08-18 09:03:44 App is up to date.
2025-08-18 11:41:03 Checking for update using Github
2025-08-18 11:41:04 Success.
2025-08-18 11:41:04 Latest version is 1.8.10
2025-08-18 11:41:04 App is up to date.
2025-08-18 13:21:26 Loading main app package /usr/lib/obsidian/obsidian.asar
2025-08-18 13:21:26 Checking for update using Github
2025-08-18 13:21:30 Success.
2025-08-18 13:21:30 Latest version is 1.8.10
2025-08-18 13:21:30 App is up to date.
2025-08-19 01:22:31 Loading main app package /usr/lib/obsidian/obsidian.asar
2025-08-19 01:22:31 Checking for update using Github
2025-08-19 01:22:31 Success.
2025-08-19 01:22:31 Latest version is 1.9.10
2025-08-19 01:22:31 Downloading update from https://github.com/obsidianmd/obsidian-releases/releases/download/v1.9.10/obsidian-1.9.10.asar.gz
2025-08-19 01:22:32 Verifying hash & signature. Size= 9033422
2025-08-19 01:22:32 Saving file
2025-08-19 01:22:33 Update complete.
2025-08-19 01:25:04 Loading updated app package /home/sfangyy/.config/obsidian/obsidian-1.9.10.asar
2025-08-19 01:25:04 Checking for update using Github
2025-08-19 01:25:04 Success.
2025-08-19 01:25:04 Latest version is 1.9.10
2025-08-19 01:25:04 App is up to date.
2025-08-19 02:25:04 Checking for update using Github
2025-08-19 02:25:04 Success.
2025-08-19 02:25:04 Latest version is 1.9.10
2025-08-19 02:25:04 App is up to date.
2025-08-19 03:25:04 Checking for update using Github
2025-08-19 03:25:04 Success.
2025-08-19 03:25:04 Latest version is 1.9.10
2025-08-19 03:25:04 App is up to date.
2025-08-19 05:01:40 Checking for update using Github
2025-08-19 05:01:41 Success.
2025-08-19 05:01:41 Latest version is 1.9.10
2025-08-19 05:01:41 App is up to date.
2025-08-19 06:04:35 Loading updated app package /home/sfangyy/.config/obsidian/obsidian-1.9.10.asar
2025-08-19 06:04:36 Checking for update using Github
2025-08-19 06:04:36 Success.
2025-08-19 06:04:36 Latest version is 1.9.10
2025-08-19 06:04:36 App is up to date.
2025-08-19 06:42:05 Loading updated app package /home/sfangyy/.config/obsidian/obsidian-1.9.10.asar
2025-08-19 06:42:06 Checking for update using Github
2025-08-19 06:42:06 Success.
2025-08-19 06:42:06 Latest version is 1.9.10
2025-08-19 06:42:06 App is up to date.
2025-08-19 07:13:27 Loading updated app package /home/sfangyy/.config/obsidian/obsidian-1.9.10.asar
2025-08-19 07:13:28 Checking for update using Github
2025-08-19 07:13:29 Success.
2025-08-19 07:13:29 Latest version is 1.9.10
2025-08-19 07:13:29 App is up to date.
2025-08-19 08:28:44 Loading updated app package /home/sfangyy/.config/obsidian/obsidian-1.9.10.asar
2025-08-19 08:28:44 Checking for update using Github
2025-08-19 08:30:29 Checking for update using Github
2025-08-19 08:30:30 Success.
2025-08-19 08:30:30 Latest version is 1.9.10
2025-08-19 08:30:30 App is up to date.
2025-08-19 09:13:54 Loading updated app package /home/sfangyy/.config/obsidian/obsidian-1.9.10.asar
2025-08-19 09:13:54 Checking for update using Github
2025-08-19 09:13:54 Success.
2025-08-19 09:13:54 Latest version is 1.9.10
2025-08-19 09:13:54 App is up to date.
2025-08-19 09:18:51 Loading updated app package /home/sfangyy/.config/obsidian/obsidian-1.9.10.asar
2025-08-19 09:18:51 Checking for update using Github
2025-08-19 09:18:51 Success.
2025-08-19 09:18:51 Latest version is 1.9.10
2025-08-19 09:18:51 App is up to date.
2025-08-19 09:19:18 Loading updated app package /home/sfangyy/.config/obsidian/obsidian-1.9.10.asar
2025-08-19 09:19:18 Checking for update using Github
2025-08-19 09:19:19 Success.
2025-08-19 09:19:19 Latest version is 1.9.10
2025-08-19 09:19:19 App is up to date.
2025-08-19 09:28:48 Loading updated app package /home/sfangyy/.config/obsidian/obsidian-1.9.10.asar
2025-08-19 09:28:48 Checking for update using Github
2025-08-19 09:28:48 Success.
2025-08-19 09:28:48 Latest version is 1.9.10
2025-08-19 09:28:48 App is up to date.
2025-08-19 11:31:28 Loading updated app package /home/sfangyy/.config/obsidian/obsidian-1.9.10.asar
2025-08-19 11:31:28 Checking for update using Github
2025-08-19 11:31:29 Success.
2025-08-19 11:31:29 Latest version is 1.9.10
2025-08-19 11:31:29 App is up to date.
2025-08-20 01:43:50 Loading updated app package /home/sfangyy/.config/obsidian/obsidian-1.9.10.asar
2025-08-20 01:43:50 Checking for update using Github
2025-08-20 01:43:51 Success.
2025-08-20 01:43:51 Latest version is 1.9.10
2025-08-20 01:43:51 App is up to date.
2025-08-20 06:18:29 Loading updated app package /home/sfangyy/.config/obsidian/obsidian-1.9.10.asar
2025-08-20 06:18:29 Checking for update using Github
2025-08-20 06:18:30 Success.
2025-08-20 06:18:30 Latest version is 1.9.10
2025-08-20 06:18:30 App is up to date.
2025-08-20 09:00:55 Loading updated app package /home/sfangyy/.config/obsidian/obsidian-1.9.10.asar
2025-08-20 09:00:55 Checking for update using Github
2025-08-20 09:00:56 Success.
2025-08-20 09:00:56 Latest version is 1.9.10
2025-08-20 09:00:56 App is up to date.
2025-08-20 10:39:55 Checking for update using Github
2025-08-20 10:39:56 Success.
2025-08-20 10:39:56 Latest version is 1.9.10
2025-08-20 10:39:56 App is up to date.
2025-08-20 13:16:35 Loading updated app package /home/sfangyy/.config/obsidian/obsidian-1.9.10.asar
2025-08-20 13:16:35 Checking for update using Github
2025-08-20 13:16:36 Success.
2025-08-20 13:16:36 Latest version is 1.9.10
2025-08-20 13:16:36 App is up to date.
2025-08-20 23:56:13 Loading updated app package /home/sfangyy/.config/obsidian/obsidian-1.9.10.asar
2025-08-20 23:56:13 Checking for update using Github
2025-08-20 23:56:14 Success.
2025-08-20 23:56:14 Latest version is 1.9.10
2025-08-20 23:56:14 App is up to date.
2025-08-21 00:56:13 Checking for update using Github
2025-08-21 00:56:14 Success.
2025-08-21 00:56:14 Latest version is 1.9.10
2025-08-21 00:56:14 App is up to date.
2025-08-21 01:57:14 Checking for update using Github
2025-08-21 01:57:15 Success.
2025-08-21 01:57:15 Latest version is 1.9.10
2025-08-21 01:57:15 App is up to date.
2025-08-21 02:03:15 Loading updated app package /home/sfangyy/.config/obsidian/obsidian-1.9.10.asar
2025-08-21 02:03:15 Checking for update using Github
2025-08-21 02:57:14 Checking for update using Github
2025-08-21 02:57:15 Success.
2025-08-21 02:57:15 Latest version is 1.9.10
2025-08-21 02:57:15 App is up to date.
2025-08-21 05:58:58 Loading updated app package /home/sfangyy/.config/obsidian/obsidian-1.9.10.asar
2025-08-21 05:58:58 Checking for update using Github
2025-08-21 05:58:59 Success.
2025-08-21 05:58:59 Latest version is 1.9.10
2025-08-21 05:58:59 App is up to date.
2025-08-21 09:19:41 Loading updated app package /home/sfangyy/.config/obsidian/obsidian-1.9.10.asar
2025-08-21 09:19:41 Checking for update using Github
2025-08-21 09:19:42 Success.
2025-08-21 09:19:42 Latest version is 1.9.10
2025-08-21 09:19:42 App is up to date.
2025-08-22 06:10:26 Loading updated app package /home/sfangyy/.config/obsidian/obsidian-1.9.10.asar
2025-08-22 06:10:26 Checking for update using Github
2025-08-22 06:10:27 Success.
2025-08-22 06:10:27 Latest version is 1.9.10
2025-08-22 06:10:27 App is up to date.
2025-08-22 06:15:40 Loading updated app package /home/sfangyy/.config/obsidian/obsidian-1.9.10.asar
2025-08-22 06:15:40 Checking for update using Github
2025-08-22 06:15:41 Success.
2025-08-22 06:15:41 Latest version is 1.9.10
2025-08-22 06:15:41 App is up to date.
2025-08-22 07:15:40 Checking for update using Github
2025-08-22 07:15:40 Success.
2025-08-22 07:15:40 Latest version is 1.9.10
2025-08-22 07:15:40 App is up to date.
2025-08-22 08:15:40 Checking for update using Github
2025-08-22 08:15:40 Success.
2025-08-22 08:15:40 Latest version is 1.9.10
2025-08-22 08:15:40 App is up to date.
2025-08-22 08:27:54 Loading updated app package /home/sfangyy/.config/obsidian/obsidian-1.9.10.asar
2025-08-22 08:27:54 Checking for update using Github
2025-08-22 08:27:54 Success.
2025-08-22 08:27:54 Latest version is 1.9.10
2025-08-22 08:27:54 App is up to date.
2025-08-22 09:27:54 Checking for update using Github
2025-08-22 09:27:54 Success.
2025-08-22 09:27:54 Latest version is 1.9.10
2025-08-22 09:27:54 App is up to date.
2025-08-22 10:27:54 Checking for update using Github
2025-08-22 10:28:00 Failed to check for update using Github (net::ERR_CONNECTION_CLOSED)
2025-08-22 10:28:00 Checking for update using obsidian.md
2025-08-22 10:28:07 Failed to check for update using obsidian.md (Unexpected end of JSON input)
2025-08-22 12:19:33 Loading updated app package /home/sfangyy/.config/obsidian/obsidian-1.9.10.asar
2025-08-22 12:19:33 Checking for update using Github
2025-08-22 12:19:34 Success.
2025-08-22 12:19:34 Latest version is 1.9.10
2025-08-22 12:19:34 App is up to date.
2025-08-23 01:54:40 Loading updated app package /home/sfangyy/.config/obsidian/obsidian-1.9.10.asar
2025-08-23 01:54:40 Checking for update using Github
2025-08-23 01:54:41 Success.
2025-08-23 01:54:41 Latest version is 1.9.10
2025-08-23 01:54:41 App is up to date.
2025-08-23 02:54:40 Checking for update using Github
2025-08-23 02:54:41 Success.
2025-08-23 02:54:41 Latest version is 1.9.10
2025-08-23 02:54:41 App is up to date.
2025-08-23 06:16:09 Loading updated app package /home/sfangyy/.config/obsidian/obsidian-1.9.10.asar
2025-08-23 06:16:10 Checking for update using Github
2025-08-23 06:16:10 Success.
2025-08-23 06:16:10 Latest version is 1.9.10
2025-08-23 06:16:10 App is up to date.
2025-08-23 06:16:29 Loading updated app package /home/sfangyy/.config/obsidian/obsidian-1.9.10.asar
2025-08-23 06:16:29 Checking for update using Github
2025-08-23 06:16:29 Success.
2025-08-23 06:16:29 Latest version is 1.9.10
2025-08-23 06:16:29 App is up to date.
2025-08-23 07:09:10 Loading updated app package /home/sfangyy/.config/obsidian/obsidian-1.9.10.asar
2025-08-23 07:09:10 Checking for update using Github
2025-08-23 07:09:10 Success.
2025-08-23 07:09:10 Latest version is 1.9.10
2025-08-23 07:09:10 App is up to date.
2025-08-23 08:09:25 Checking for update using Github
2025-08-23 08:09:25 Success.
2025-08-23 08:09:25 Latest version is 1.9.10
2025-08-23 08:09:25 App is up to date.
2025-08-23 09:05:14 Loading main app package /usr/lib/obsidian/obsidian.asar
2025-08-23 09:05:14 Checking for update using Github
2025-08-23 09:05:14 Success.
2025-08-23 09:05:14 Latest version is 1.9.10
2025-08-23 09:05:14 App is up to date.
2025-08-23 09:05:41 Loading main app package /usr/lib/obsidian/obsidian.asar
2025-08-23 09:05:41 Checking for update using Github
2025-08-23 09:05:41 Success.
2025-08-23 09:05:41 Latest version is 1.9.10
2025-08-23 09:05:41 App is up to date.
2025-08-23 10:17:28 Loading main app package /usr/lib/obsidian/obsidian.asar
2025-08-23 10:17:28 Checking for update using Github
2025-08-23 10:17:29 Success.
2025-08-23 10:17:29 Latest version is 1.9.10
2025-08-23 10:17:29 App is up to date.
2025-08-23 11:25:43 Loading main app package /usr/lib/obsidian/obsidian.asar
2025-08-23 11:25:43 Checking for update using Github
2025-08-23 11:25:43 Success.
2025-08-23 11:25:43 Latest version is 1.9.10
2025-08-23 11:25:43 App is up to date.
2025-08-23 12:25:43 Checking for update using Github
2025-08-23 12:25:43 Success.
2025-08-23 12:25:43 Latest version is 1.9.10
2025-08-23 12:25:43 App is up to date.
2025-08-23 13:09:58 Loading main app package /usr/lib/obsidian/obsidian.asar
2025-08-23 13:09:58 Checking for update using Github
2025-08-23 13:09:59 Success.
2025-08-23 13:09:59 Latest version is 1.9.10
2025-08-23 13:09:59 App is up to date.
2025-08-23 14:09:58 Checking for update using Github
2025-08-23 14:10:00 Success.
2025-08-23 14:10:00 Latest version is 1.9.10
2025-08-23 14:10:00 App is up to date.
2025-08-24 11:05:04 Loading main app package /usr/lib/obsidian/obsidian.asar
2025-08-24 11:05:04 Checking for update using Github
2025-08-24 11:05:05 Success.
2025-08-24 11:05:05 Latest version is 1.9.10
2025-08-24 11:05:05 App is up to date.
2025-08-24 11:31:15 Loading main app package /usr/lib/obsidian/obsidian.asar
2025-08-24 11:31:15 Checking for update using Github
2025-08-24 11:31:16 Loading main app package /usr/lib/obsidian/obsidian.asar
2025-08-24 11:31:16 Checking for update using Github
2025-08-25 01:53:19 Loading main app package /usr/lib/obsidian/obsidian.asar
2025-08-25 01:53:19 Checking for update using Github
2025-08-25 01:53:19 Success.
2025-08-25 01:53:19 Latest version is 1.9.10
2025-08-25 01:53:19 App is up to date.
2025-08-25 02:53:19 Checking for update using Github
2025-08-25 02:53:19 Success.
2025-08-25 02:53:19 Latest version is 1.9.10
2025-08-25 02:53:19 App is up to date.
2025-08-25 04:08:54 Checking for update using Github
2025-08-25 04:08:54 Success.
2025-08-25 04:08:54 Latest version is 1.9.10
2025-08-25 04:08:54 App is up to date.
2025-08-25 05:08:54 Checking for update using Github
2025-08-25 05:08:54 Success.
2025-08-25 05:08:54 Latest version is 1.9.10
2025-08-25 05:08:54 App is up to date.
2025-08-25 06:43:17 Loading main app package /usr/lib/obsidian/obsidian.asar
2025-08-25 06:43:17 Checking for update using Github
2025-08-25 06:43:17 Success.
2025-08-25 06:43:17 Latest version is 1.9.10
2025-08-25 06:43:17 App is up to date.
2025-08-25 06:53:03 Loading main app package /usr/lib/obsidian/obsidian.asar
2025-08-25 06:53:03 Checking for update using Github
2025-08-25 07:43:17 Checking for update using Github
2025-08-25 07:43:18 Success.
2025-08-25 07:43:18 Latest version is 1.9.10
2025-08-25 07:43:18 App is up to date.
2025-08-25 08:43:17 Checking for update using Github
2025-08-25 08:43:18 Success.
2025-08-25 08:43:18 Latest version is 1.9.10
2025-08-25 08:43:18 App is up to date.
2025-08-25 09:43:17 Checking for update using Github
2025-08-25 09:43:18 Success.
2025-08-25 09:43:18 Latest version is 1.9.10
2025-08-25 09:43:18 App is up to date.
2025-08-25 13:16:37 Loading main app package /usr/lib/obsidian/obsidian.asar
2025-08-25 13:16:37 Checking for update using Github
2025-08-25 13:16:38 Success.
2025-08-25 13:16:38 Latest version is 1.9.10
2025-08-25 13:16:38 App is up to date.
2025-08-26 01:40:15 Loading main app package /usr/lib/obsidian/obsidian.asar
2025-08-26 01:40:15 Checking for update using Github
2025-08-26 01:40:15 Success.
2025-08-26 01:40:15 Latest version is 1.9.10
2025-08-26 01:40:15 App is up to date.
